Analysis & Synthesis report for CPU
Thu Nov  7 14:22:24 2024
Quartus Prime Version 21.1.0 Build 842 10/21/2021 SJ Lite Edition


---------------------
; Table of Contents ;
---------------------
  1. Legal Notice
  2. Analysis & Synthesis Summary
  3. Analysis & Synthesis Settings
  4. Parallel Compilation
  5. Analysis & Synthesis Source Files Read
  6. Analysis & Synthesis Resource Usage Summary
  7. Analysis & Synthesis Resource Utilization by Entity
  8. Analysis & Synthesis IP Cores Summary
  9. State Machine - |CPU|UnidadeControle:Controle|estado
 10. Registers Removed During Synthesis
 11. Removed Registers Triggering Further Register Optimizations
 12. General Register Statistics
 13. Source assignments for memoria_unidade:Memoria|ram256x8:ram_instance|altsyncram:altsyncram_component|altsyncram_e504:auto_generated
 14. Parameter Settings for User Entity Instance: memoria_unidade:Memoria|ram256x8:ram_instance|altsyncram:altsyncram_component
 15. altsyncram Parameter Settings by Entity Instance
 16. Port Connectivity Checks: "ULA:ULA"
 17. Port Connectivity Checks: "UnidadeControle:Controle"
 18. Port Connectivity Checks: "program_counter:PC"
 19. Post-Synthesis Netlist Statistics for Top Partition
 20. Elapsed Time Per Partition
 21. Analysis & Synthesis Messages



----------------
; Legal Notice ;
----------------
Copyright (C) 2021  Intel Corporation. All rights reserved.
Your use of Intel Corporation's design tools, logic functions 
and other software and tools, and any partner logic 
functions, and any output files from any of the foregoing 
(including device programming or simulation files), and any 
associated documentation or information are expressly subject 
to the terms and conditions of the Intel Program License 
Subscription Agreement, the Intel Quartus Prime License Agreement,
the Intel FPGA IP License Agreement, or other applicable license
agreement, including, without limitation, that your use is for
the sole purpose of programming logic devices manufactured by
Intel and sold by Intel or its authorized distributors.  Please
refer to the applicable agreement for further details, at
https://fpgasoftware.intel.com/eula.



+-------------------------------------------------------------------------------+
; Analysis & Synthesis Summary                                                  ;
+---------------------------------+---------------------------------------------+
; Analysis & Synthesis Status     ; Successful - Thu Nov  7 14:22:24 2024       ;
; Quartus Prime Version           ; 21.1.0 Build 842 10/21/2021 SJ Lite Edition ;
; Revision Name                   ; CPU                                         ;
; Top-level Entity Name           ; CPU                                         ;
; Family                          ; Cyclone V                                   ;
; Logic utilization (in ALMs)     ; N/A                                         ;
; Total registers                 ; 0                                           ;
; Total pins                      ; 18                                          ;
; Total virtual pins              ; 0                                           ;
; Total block memory bits         ; 0                                           ;
; Total DSP Blocks                ; 0                                           ;
; Total HSSI RX PCSs              ; 0                                           ;
; Total HSSI PMA RX Deserializers ; 0                                           ;
; Total HSSI TX PCSs              ; 0                                           ;
; Total HSSI PMA TX Serializers   ; 0                                           ;
; Total PLLs                      ; 0                                           ;
; Total DLLs                      ; 0                                           ;
+---------------------------------+---------------------------------------------+


+---------------------------------------------------------------------------------------------------------------------------+
; Analysis & Synthesis Settings                                                                                             ;
+---------------------------------------------------------------------------------+--------------------+--------------------+
; Option                                                                          ; Setting            ; Default Value      ;
+---------------------------------------------------------------------------------+--------------------+--------------------+
; Device                                                                          ; 5CEBA4F23C7        ;                    ;
; Top-level entity name                                                           ; CPU                ; CPU                ;
; Family name                                                                     ; Cyclone V          ; Cyclone V          ;
; Use smart compilation                                                           ; Off                ; Off                ;
; Enable parallel Assembler and Timing Analyzer during compilation                ; On                 ; On                 ;
; Enable compact report table                                                     ; Off                ; Off                ;
; Restructure Multiplexers                                                        ; Auto               ; Auto               ;
; MLAB Add Timing Constraints For Mixed-Port Feed-Through Mode Setting Don't Care ; Off                ; Off                ;
; Create Debugging Nodes for IP Cores                                             ; Off                ; Off                ;
; Preserve fewer node names                                                       ; On                 ; On                 ;
; Intel FPGA IP Evaluation Mode                                                   ; Enable             ; Enable             ;
; Verilog Version                                                                 ; Verilog_2001       ; Verilog_2001       ;
; VHDL Version                                                                    ; VHDL_1993          ; VHDL_1993          ;
; State Machine Processing                                                        ; Auto               ; Auto               ;
; Safe State Machine                                                              ; Off                ; Off                ;
; Extract Verilog State Machines                                                  ; On                 ; On                 ;
; Extract VHDL State Machines                                                     ; On                 ; On                 ;
; Ignore Verilog initial constructs                                               ; Off                ; Off                ;
; Iteration limit for constant Verilog loops                                      ; 5000               ; 5000               ;
; Iteration limit for non-constant Verilog loops                                  ; 250                ; 250                ;
; Add Pass-Through Logic to Inferred RAMs                                         ; On                 ; On                 ;
; Infer RAMs from Raw Logic                                                       ; On                 ; On                 ;
; Parallel Synthesis                                                              ; On                 ; On                 ;
; DSP Block Balancing                                                             ; Auto               ; Auto               ;
; NOT Gate Push-Back                                                              ; On                 ; On                 ;
; Power-Up Don't Care                                                             ; On                 ; On                 ;
; Remove Redundant Logic Cells                                                    ; Off                ; Off                ;
; Remove Duplicate Registers                                                      ; On                 ; On                 ;
; Ignore CARRY Buffers                                                            ; Off                ; Off                ;
; Ignore CASCADE Buffers                                                          ; Off                ; Off                ;
; Ignore GLOBAL Buffers                                                           ; Off                ; Off                ;
; Ignore ROW GLOBAL Buffers                                                       ; Off                ; Off                ;
; Ignore LCELL Buffers                                                            ; Off                ; Off                ;
; Ignore SOFT Buffers                                                             ; On                 ; On                 ;
; Limit AHDL Integers to 32 Bits                                                  ; Off                ; Off                ;
; Optimization Technique                                                          ; Balanced           ; Balanced           ;
; Carry Chain Length                                                              ; 70                 ; 70                 ;
; Auto Carry Chains                                                               ; On                 ; On                 ;
; Auto Open-Drain Pins                                                            ; On                 ; On                 ;
; Perform WYSIWYG Primitive Resynthesis                                           ; Off                ; Off                ;
; Auto ROM Replacement                                                            ; On                 ; On                 ;
; Auto RAM Replacement                                                            ; On                 ; On                 ;
; Auto DSP Block Replacement                                                      ; On                 ; On                 ;
; Auto Shift Register Replacement                                                 ; Auto               ; Auto               ;
; Allow Shift Register Merging across Hierarchies                                 ; Auto               ; Auto               ;
; Auto Clock Enable Replacement                                                   ; On                 ; On                 ;
; Strict RAM Replacement                                                          ; Off                ; Off                ;
; Allow Synchronous Control Signals                                               ; On                 ; On                 ;
; Force Use of Synchronous Clear Signals                                          ; Off                ; Off                ;
; Auto Resource Sharing                                                           ; Off                ; Off                ;
; Allow Any RAM Size For Recognition                                              ; Off                ; Off                ;
; Allow Any ROM Size For Recognition                                              ; Off                ; Off                ;
; Allow Any Shift Register Size For Recognition                                   ; Off                ; Off                ;
; Use LogicLock Constraints during Resource Balancing                             ; On                 ; On                 ;
; Ignore translate_off and synthesis_off directives                               ; Off                ; Off                ;
; Timing-Driven Synthesis                                                         ; On                 ; On                 ;
; Report Parameter Settings                                                       ; On                 ; On                 ;
; Report Source Assignments                                                       ; On                 ; On                 ;
; Report Connectivity Checks                                                      ; On                 ; On                 ;
; Ignore Maximum Fan-Out Assignments                                              ; Off                ; Off                ;
; Synchronization Register Chain Length                                           ; 3                  ; 3                  ;
; Power Optimization During Synthesis                                             ; Normal compilation ; Normal compilation ;
; HDL message level                                                               ; Level2             ; Level2             ;
; Suppress Register Optimization Related Messages                                 ; Off                ; Off                ;
; Number of Removed Registers Reported in Synthesis Report                        ; 5000               ; 5000               ;
; Number of Swept Nodes Reported in Synthesis Report                              ; 5000               ; 5000               ;
; Number of Inverted Registers Reported in Synthesis Report                       ; 100                ; 100                ;
; Clock MUX Protection                                                            ; On                 ; On                 ;
; Auto Gated Clock Conversion                                                     ; Off                ; Off                ;
; Block Design Naming                                                             ; Auto               ; Auto               ;
; SDC constraint protection                                                       ; Off                ; Off                ;
; Synthesis Effort                                                                ; Auto               ; Auto               ;
; Shift Register Replacement - Allow Asynchronous Clear Signal                    ; On                 ; On                 ;
; Pre-Mapping Resynthesis Optimization                                            ; Off                ; Off                ;
; Analysis & Synthesis Message Level                                              ; Medium             ; Medium             ;
; Disable Register Merging Across Hierarchies                                     ; Auto               ; Auto               ;
; Resource Aware Inference For Block RAM                                          ; On                 ; On                 ;
; Automatic Parallel Synthesis                                                    ; On                 ; On                 ;
; Partial Reconfiguration Bitstream ID                                            ; Off                ; Off                ;
+---------------------------------------------------------------------------------+--------------------+--------------------+


+------------------------------------------+
; Parallel Compilation                     ;
+----------------------------+-------------+
; Processors                 ; Number      ;
+----------------------------+-------------+
; Number detected on machine ; 4           ;
; Maximum allowed            ; 4           ;
;                            ;             ;
; Average used               ; 1.00        ;
; Maximum used               ; 1           ;
;                            ;             ;
; Usage by Processor         ; % Time Used ;
;     Processor 1            ; 100.0%      ;
+----------------------------+-------------+


+----------------------------------------------------------------------------------------------------------------------------------------------------------------------------------------+
; Analysis & Synthesis Source Files Read                                                                                                                                                 ;
+----------------------------------+-----------------+----------------------------------+--------------------------------------------------------------------------------------+---------+
; File Name with User-Entered Path ; Used in Netlist ; File Type                        ; File Name with Absolute Path                                                         ; Library ;
+----------------------------------+-----------------+----------------------------------+--------------------------------------------------------------------------------------+---------+
; CPU.vhd                          ; yes             ; User VHDL File                   ; C:/Users/15447326/Documents/GitHub/processador/SD_Processador/CPU.vhd                ;         ;
; ULA.vhd                          ; yes             ; User VHDL File                   ; C:/Users/15447326/Documents/GitHub/processador/SD_Processador/ULA.vhd                ;         ;
; UnidadeControle.vhd              ; yes             ; User VHDL File                   ; C:/Users/15447326/Documents/GitHub/processador/SD_Processador/UnidadeControle.vhd    ;         ;
; Input_Unit.vhd                   ; yes             ; User VHDL File                   ; C:/Users/15447326/Documents/GitHub/processador/SD_Processador/Input_Unit.vhd         ;         ;
; Output_Unit.vhd                  ; yes             ; User VHDL File                   ; C:/Users/15447326/Documents/GitHub/processador/SD_Processador/Output_Unit.vhd        ;         ;
; program_counter.vhd              ; yes             ; User VHDL File                   ; C:/Users/15447326/Documents/GitHub/processador/SD_Processador/program_counter.vhd    ;         ;
; memoria_unidade.vhd              ; yes             ; User VHDL File                   ; C:/Users/15447326/Documents/GitHub/processador/SD_Processador/memoria_unidade.vhd    ;         ;
; ram256x8.vhd                     ; yes             ; User Wizard-Generated File       ; C:/Users/15447326/Documents/GitHub/processador/SD_Processador/ram256x8.vhd           ;         ;
; ram256x8.mif                     ; yes             ; User Memory Initialization File  ; C:/Users/15447326/Documents/GitHub/processador/SD_Processador/ram256x8.mif           ;         ;
; altsyncram.tdf                   ; yes             ; Megafunction                     ; c:/intelfpga_lite/21.1/quartus/libraries/megafunctions/altsyncram.tdf                ;         ;
; stratix_ram_block.inc            ; yes             ; Megafunction                     ; c:/intelfpga_lite/21.1/quartus/libraries/megafunctions/stratix_ram_block.inc         ;         ;
; lpm_mux.inc                      ; yes             ; Megafunction                     ; c:/intelfpga_lite/21.1/quartus/libraries/megafunctions/lpm_mux.inc                   ;         ;
; lpm_decode.inc                   ; yes             ; Megafunction                     ; c:/intelfpga_lite/21.1/quartus/libraries/megafunctions/lpm_decode.inc                ;         ;
; aglobal211.inc                   ; yes             ; Megafunction                     ; c:/intelfpga_lite/21.1/quartus/libraries/megafunctions/aglobal211.inc                ;         ;
; a_rdenreg.inc                    ; yes             ; Megafunction                     ; c:/intelfpga_lite/21.1/quartus/libraries/megafunctions/a_rdenreg.inc                 ;         ;
; altrom.inc                       ; yes             ; Megafunction                     ; c:/intelfpga_lite/21.1/quartus/libraries/megafunctions/altrom.inc                    ;         ;
; altram.inc                       ; yes             ; Megafunction                     ; c:/intelfpga_lite/21.1/quartus/libraries/megafunctions/altram.inc                    ;         ;
; altdpram.inc                     ; yes             ; Megafunction                     ; c:/intelfpga_lite/21.1/quartus/libraries/megafunctions/altdpram.inc                  ;         ;
; db/altsyncram_e504.tdf           ; yes             ; Auto-Generated Megafunction      ; C:/Users/15447326/Documents/GitHub/processador/SD_Processador/db/altsyncram_e504.tdf ;         ;
+----------------------------------+-----------------+----------------------------------+--------------------------------------------------------------------------------------+---------+


+--------------------------------------------------------------+
; Analysis & Synthesis Resource Usage Summary                  ;
+---------------------------------------------+----------------+
; Resource                                    ; Usage          ;
+---------------------------------------------+----------------+
; Estimate of Logic utilization (ALMs needed) ; 0              ;
;                                             ;                ;
; Combinational ALUT usage for logic          ; 0              ;
;     -- 7 input functions                    ; 0              ;
;     -- 6 input functions                    ; 0              ;
;     -- 5 input functions                    ; 0              ;
;     -- 4 input functions                    ; 0              ;
;     -- <=3 input functions                  ; 0              ;
;                                             ;                ;
; Dedicated logic registers                   ; 0              ;
;                                             ;                ;
; I/O pins                                    ; 18             ;
;                                             ;                ;
; Total DSP Blocks                            ; 0              ;
;                                             ;                ;
; Maximum fan-out node                        ; leds[0]~output ;
; Maximum fan-out                             ; 1              ;
; Total fan-out                               ; 18             ;
; Average fan-out                             ; 0.50           ;
+---------------------------------------------+----------------+


+----------------------------------------------------------------------------------------------------------------------------------------------------------------------------------------+
; Analysis & Synthesis Resource Utilization by Entity                                                                                                                                    ;
+----------------------------+---------------------+---------------------------+-------------------+------------+------+--------------+---------------------+-------------+--------------+
; Compilation Hierarchy Node ; Combinational ALUTs ; Dedicated Logic Registers ; Block Memory Bits ; DSP Blocks ; Pins ; Virtual Pins ; Full Hierarchy Name ; Entity Name ; Library Name ;
+----------------------------+---------------------+---------------------------+-------------------+------------+------+--------------+---------------------+-------------+--------------+
; |CPU                       ; 0 (0)               ; 0 (0)                     ; 0                 ; 0          ; 18   ; 0            ; |CPU                ; CPU         ; work         ;
+----------------------------+---------------------+---------------------------+-------------------+------------+------+--------------+---------------------+-------------+--------------+
Note: For table entries with two numbers listed, the numbers in parentheses indicate the number of resources of the given type used by the specific entity alone. The numbers listed outside of parentheses indicate the total resources of the given type used by the specific entity and all of its sub-entities in the hierarchy.


+--------------------------------------------------------------------------------------------------------------------------------------+
; Analysis & Synthesis IP Cores Summary                                                                                                ;
+--------+--------------+---------+--------------+--------------+----------------------------------------------------+-----------------+
; Vendor ; IP Core Name ; Version ; Release Date ; License Type ; Entity Instance                                    ; IP Include File ;
+--------+--------------+---------+--------------+--------------+----------------------------------------------------+-----------------+
; Altera ; RAM: 2-PORT  ; 21.1    ; N/A          ; N/A          ; |CPU|memoria_unidade:Memoria|ram256x8:ram_instance ; ram256x8.vhd    ;
+--------+--------------+---------+--------------+--------------+----------------------------------------------------+-----------------+


Encoding Type:  One-Hot
+------------------------------------------------------------------------------------------------------------------------------------+
; State Machine - |CPU|UnidadeControle:Controle|estado                                                                               ;
+-----------------------+----------------+-----------------------+----------------+-------------------+--------------+---------------+
; Name                  ; estado.ESCRITA ; estado.ACESSO_MEMORIA ; estado.EXECUTA ; estado.DECODIFICA ; estado.BUSCA ; estado.ESPERA ;
+-----------------------+----------------+-----------------------+----------------+-------------------+--------------+---------------+
; estado.ESPERA         ; 0              ; 0                     ; 0              ; 0                 ; 0            ; 0             ;
; estado.BUSCA          ; 0              ; 0                     ; 0              ; 0                 ; 1            ; 1             ;
; estado.DECODIFICA     ; 0              ; 0                     ; 0              ; 1                 ; 0            ; 1             ;
; estado.EXECUTA        ; 0              ; 0                     ; 1              ; 0                 ; 0            ; 1             ;
; estado.ACESSO_MEMORIA ; 0              ; 1                     ; 0              ; 0                 ; 0            ; 1             ;
; estado.ESCRITA        ; 1              ; 0                     ; 0              ; 0                 ; 0            ; 1             ;
+-----------------------+----------------+-----------------------+----------------+-------------------+--------------+---------------+


+-----------------------------------------------------------------------------------------+
; Registers Removed During Synthesis                                                      ;
+------------------------------------------------+----------------------------------------+
; Register name                                  ; Reason for Removal                     ;
+------------------------------------------------+----------------------------------------+
; Output_Unit:Saida|output_reg[0..7]             ; Stuck at GND due to stuck port data_in ;
; program_counter:PC|pc[0..7]                    ; Lost fanout                            ;
; UnidadeControle:Controle|estado.ESPERA         ; Lost fanout                            ;
; UnidadeControle:Controle|estado.BUSCA          ; Lost fanout                            ;
; UnidadeControle:Controle|estado.DECODIFICA     ; Lost fanout                            ;
; UnidadeControle:Controle|estado.EXECUTA        ; Lost fanout                            ;
; UnidadeControle:Controle|estado.ACESSO_MEMORIA ; Lost fanout                            ;
; UnidadeControle:Controle|estado.ESCRITA        ; Lost fanout                            ;
; Total Number of Removed Registers = 22         ;                                        ;
+------------------------------------------------+----------------------------------------+


+------------------------------------------------------------------------------------------------+
; Removed Registers Triggering Further Register Optimizations                                    ;
+--------------------------+--------------------+------------------------------------------------+
; Register name            ; Reason for Removal ; Registers Removed due to This Register         ;
+--------------------------+--------------------+------------------------------------------------+
; program_counter:PC|pc[0] ; Lost Fanouts       ; UnidadeControle:Controle|estado.BUSCA,         ;
;                          ;                    ; UnidadeControle:Controle|estado.ACESSO_MEMORIA ;
+--------------------------+--------------------+------------------------------------------------+


+------------------------------------------------------+
; General Register Statistics                          ;
+----------------------------------------------+-------+
; Statistic                                    ; Value ;
+----------------------------------------------+-------+
; Total registers                              ; 0     ;
; Number of registers using Synchronous Clear  ; 0     ;
; Number of registers using Synchronous Load   ; 0     ;
; Number of registers using Asynchronous Clear ; 0     ;
; Number of registers using Asynchronous Load  ; 0     ;
; Number of registers using Clock Enable       ; 0     ;
; Number of registers using Preset             ; 0     ;
+----------------------------------------------+-------+


+-------------------------------------------------------------------------------------------------------------------------------------+
; Source assignments for memoria_unidade:Memoria|ram256x8:ram_instance|altsyncram:altsyncram_component|altsyncram_e504:auto_generated ;
+---------------------------------+--------------------+------+-----------------------------------------------------------------------+
; Assignment                      ; Value              ; From ; To                                                                    ;
+---------------------------------+--------------------+------+-----------------------------------------------------------------------+
; OPTIMIZE_POWER_DURING_SYNTHESIS ; NORMAL_COMPILATION ; -    ; -                                                                     ;
+---------------------------------+--------------------+------+-----------------------------------------------------------------------+


+----------------------------------------------------------------------------------------------------------------------------+
; Parameter Settings for User Entity Instance: memoria_unidade:Memoria|ram256x8:ram_instance|altsyncram:altsyncram_component ;
+------------------------------------+----------------------+----------------------------------------------------------------+
; Parameter Name                     ; Value                ; Type                                                           ;
+------------------------------------+----------------------+----------------------------------------------------------------+
; BYTE_SIZE_BLOCK                    ; 8                    ; Untyped                                                        ;
; AUTO_CARRY_CHAINS                  ; ON                   ; AUTO_CARRY                                                     ;
; IGNORE_CARRY_BUFFERS               ; OFF                  ; IGNORE_CARRY                                                   ;
; AUTO_CASCADE_CHAINS                ; ON                   ; AUTO_CASCADE                                                   ;
; IGNORE_CASCADE_BUFFERS             ; OFF                  ; IGNORE_CASCADE                                                 ;
; WIDTH_BYTEENA                      ; 1                    ; Untyped                                                        ;
; OPERATION_MODE                     ; DUAL_PORT            ; Untyped                                                        ;
; WIDTH_A                            ; 8                    ; Signed Integer                                                 ;
; WIDTHAD_A                          ; 8                    ; Signed Integer                                                 ;
; NUMWORDS_A                         ; 256                  ; Signed Integer                                                 ;
; OUTDATA_REG_A                      ; UNREGISTERED         ; Untyped                                                        ;
; ADDRESS_ACLR_A                     ; NONE                 ; Untyped                                                        ;
; OUTDATA_ACLR_A                     ; NONE                 ; Untyped                                                        ;
; WRCONTROL_ACLR_A                   ; NONE                 ; Untyped                                                        ;
; INDATA_ACLR_A                      ; NONE                 ; Untyped                                                        ;
; BYTEENA_ACLR_A                     ; NONE                 ; Untyped                                                        ;
; WIDTH_B                            ; 8                    ; Signed Integer                                                 ;
; WIDTHAD_B                          ; 8                    ; Signed Integer                                                 ;
; NUMWORDS_B                         ; 256                  ; Signed Integer                                                 ;
; INDATA_REG_B                       ; CLOCK1               ; Untyped                                                        ;
; WRCONTROL_WRADDRESS_REG_B          ; CLOCK1               ; Untyped                                                        ;
; RDCONTROL_REG_B                    ; CLOCK1               ; Untyped                                                        ;
; ADDRESS_REG_B                      ; CLOCK0               ; Untyped                                                        ;
; OUTDATA_REG_B                      ; CLOCK0               ; Untyped                                                        ;
; BYTEENA_REG_B                      ; CLOCK1               ; Untyped                                                        ;
; INDATA_ACLR_B                      ; NONE                 ; Untyped                                                        ;
; WRCONTROL_ACLR_B                   ; NONE                 ; Untyped                                                        ;
; ADDRESS_ACLR_B                     ; NONE                 ; Untyped                                                        ;
; OUTDATA_ACLR_B                     ; NONE                 ; Untyped                                                        ;
; RDCONTROL_ACLR_B                   ; NONE                 ; Untyped                                                        ;
; BYTEENA_ACLR_B                     ; NONE                 ; Untyped                                                        ;
; WIDTH_BYTEENA_A                    ; 1                    ; Signed Integer                                                 ;
; WIDTH_BYTEENA_B                    ; 1                    ; Signed Integer                                                 ;
; RAM_BLOCK_TYPE                     ; AUTO                 ; Untyped                                                        ;
; BYTE_SIZE                          ; 8                    ; Signed Integer                                                 ;
; READ_DURING_WRITE_MODE_MIXED_PORTS ; DONT_CARE            ; Untyped                                                        ;
; READ_DURING_WRITE_MODE_PORT_A      ; NEW_DATA_NO_NBE_READ ; Untyped                                                        ;
; READ_DURING_WRITE_MODE_PORT_B      ; NEW_DATA_NO_NBE_READ ; Untyped                                                        ;
; INIT_FILE                          ; ram256x8.mif         ; Untyped                                                        ;
; INIT_FILE_LAYOUT                   ; PORT_A               ; Untyped                                                        ;
; MAXIMUM_DEPTH                      ; 0                    ; Signed Integer                                                 ;
; CLOCK_ENABLE_INPUT_A               ; BYPASS               ; Untyped                                                        ;
; CLOCK_ENABLE_INPUT_B               ; BYPASS               ; Untyped                                                        ;
; CLOCK_ENABLE_OUTPUT_A              ; NORMAL               ; Untyped                                                        ;
; CLOCK_ENABLE_OUTPUT_B              ; BYPASS               ; Untyped                                                        ;
; CLOCK_ENABLE_CORE_A                ; USE_INPUT_CLKEN      ; Untyped                                                        ;
; CLOCK_ENABLE_CORE_B                ; USE_INPUT_CLKEN      ; Untyped                                                        ;
; ENABLE_ECC                         ; FALSE                ; Untyped                                                        ;
; ECC_PIPELINE_STAGE_ENABLED         ; FALSE                ; Untyped                                                        ;
; WIDTH_ECCSTATUS                    ; 3                    ; Signed Integer                                                 ;
; DEVICE_FAMILY                      ; Cyclone V            ; Untyped                                                        ;
; CBXI_PARAMETER                     ; altsyncram_e504      ; Untyped                                                        ;
+------------------------------------+----------------------+----------------------------------------------------------------+
Note: In order to hide this table in the UI and the text report file, please set the "Show Parameter Settings in Synthesis Report" option in "Analysis and Synthesis Settings -> More Settings" to "Off".


+---------------------------------------------------------------------------------------------------------------------------+
; altsyncram Parameter Settings by Entity Instance                                                                          ;
+-------------------------------------------+-------------------------------------------------------------------------------+
; Name                                      ; Value                                                                         ;
+-------------------------------------------+-------------------------------------------------------------------------------+
; Number of entity instances                ; 1                                                                             ;
; Entity Instance                           ; memoria_unidade:Memoria|ram256x8:ram_instance|altsyncram:altsyncram_component ;
;     -- OPERATION_MODE                     ; DUAL_PORT                                                                     ;
;     -- WIDTH_A                            ; 8                                                                             ;
;     -- NUMWORDS_A                         ; 256                                                                           ;
;     -- OUTDATA_REG_A                      ; UNREGISTERED                                                                  ;
;     -- WIDTH_B                            ; 8                                                                             ;
;     -- NUMWORDS_B                         ; 256                                                                           ;
;     -- ADDRESS_REG_B                      ; CLOCK0                                                                        ;
;     -- OUTDATA_REG_B                      ; CLOCK0                                                                        ;
;     -- RAM_BLOCK_TYPE                     ; AUTO                                                                          ;
;     -- READ_DURING_WRITE_MODE_MIXED_PORTS ; DONT_CARE                                                                     ;
+-------------------------------------------+-------------------------------------------------------------------------------+


+------------------------------------------------------------------------------------------------------------------+
; Port Connectivity Checks: "ULA:ULA"                                                                              ;
+--------+--------+----------+-------------------------------------------------------------------------------------+
; Port   ; Type   ; Severity ; Details                                                                             ;
+--------+--------+----------+-------------------------------------------------------------------------------------+
; result ; Output ; Info     ; Connected to dangling logic. Logic that only feeds a dangling port will be removed. ;
+--------+--------+----------+-------------------------------------------------------------------------------------+


+------------------------------------------------------------------------------------------------------------------------+
; Port Connectivity Checks: "UnidadeControle:Controle"                                                                   ;
+--------------+--------+----------+-------------------------------------------------------------------------------------+
; Port         ; Type   ; Severity ; Details                                                                             ;
+--------------+--------+----------+-------------------------------------------------------------------------------------+
; mem_enable   ; Output ; Info     ; Connected to dangling logic. Logic that only feeds a dangling port will be removed. ;
; read_enable  ; Output ; Info     ; Connected to dangling logic. Logic that only feeds a dangling port will be removed. ;
; alu_enable   ; Output ; Info     ; Connected to dangling logic. Logic that only feeds a dangling port will be removed. ;
; reg_a_enable ; Output ; Info     ; Connected to dangling logic. Logic that only feeds a dangling port will be removed. ;
; reg_b_enable ; Output ; Info     ; Connected to dangling logic. Logic that only feeds a dangling port will be removed. ;
+--------------+--------+----------+-------------------------------------------------------------------------------------+


+------------------------------------------------+
; Port Connectivity Checks: "program_counter:PC" ;
+-------------+-------+----------+---------------+
; Port        ; Type  ; Severity ; Details       ;
+-------------+-------+----------+---------------+
; increment   ; Input ; Info     ; Stuck at VCC  ;
; new_address ; Input ; Info     ; Stuck at GND  ;
+-------------+-------+----------+---------------+


+-----------------------------------------------------+
; Post-Synthesis Netlist Statistics for Top Partition ;
+-----------------------+-----------------------------+
; Type                  ; Count                       ;
+-----------------------+-----------------------------+
; arriav_lcell_comb     ; 1                           ;
;     normal            ; 1                           ;
;         0 data inputs ; 1                           ;
; boundary_port         ; 18                          ;
;                       ;                             ;
; Max LUT depth         ; 0.00                        ;
; Average LUT depth     ; 0.00                        ;
+-----------------------+-----------------------------+


+-------------------------------+
; Elapsed Time Per Partition    ;
+----------------+--------------+
; Partition Name ; Elapsed Time ;
+----------------+--------------+
; Top            ; 00:00:00     ;
+----------------+--------------+


+-------------------------------+
; Analysis & Synthesis Messages ;
+-------------------------------+
Info: *******************************************************************
Info: Running Quartus Prime Analysis & Synthesis
    Info: Version 21.1.0 Build 842 10/21/2021 SJ Lite Edition
    Info: Processing started: Thu Nov  7 14:22:14 2024
Info: Command: quartus_map --read_settings_files=on --write_settings_files=off CPU -c CPU
Warning (18236): Number of processors has not been specified which may cause overloading on shared machines.  Set the global assignment NUM_PARALLEL_PROCESSORS in your QSF to an appropriate value for best performance.
Info (20030): Parallel compilation is enabled and will use 4 of the 4 processors detected
Info (12021): Found 2 design units, including 1 entities, in source file cpu.vhd
    Info (12022): Found design unit 1: CPU-Behavioral File: C:/Users/15447326/Documents/GitHub/processador/SD_Processador/CPU.vhd Line: 14
    Info (12023): Found entity 1: CPU File: C:/Users/15447326/Documents/GitHub/processador/SD_Processador/CPU.vhd Line: 5
Warning (12019): Can't analyze file -- file ULAvhd.vhd is missing
Info (12021): Found 2 design units, including 1 entities, in source file ula.vhd
    Info (12022): Found design unit 1: ULA-behavior File: C:/Users/15447326/Documents/GitHub/processador/SD_Processador/ULA.vhd Line: 17
    Info (12023): Found entity 1: ULA File: C:/Users/15447326/Documents/GitHub/processador/SD_Processador/ULA.vhd Line: 5
Info (12021): Found 2 design units, including 1 entities, in source file unidadecontrole.vhd
    Info (12022): Found design unit 1: UnidadeControle-Behavioral File: C:/Users/15447326/Documents/GitHub/processador/SD_Processador/UnidadeControle.vhd Line: 27
    Info (12023): Found entity 1: UnidadeControle File: C:/Users/15447326/Documents/GitHub/processador/SD_Processador/UnidadeControle.vhd Line: 6
Warning (12019): Can't analyze file -- file registrador.vhd is missing
Info (12021): Found 2 design units, including 1 entities, in source file input_unit.vhd
    Info (12022): Found design unit 1: Input_Unit-Behavioral File: C:/Users/15447326/Documents/GitHub/processador/SD_Processador/Input_Unit.vhd Line: 12
    Info (12023): Found entity 1: Input_Unit File: C:/Users/15447326/Documents/GitHub/processador/SD_Processador/Input_Unit.vhd Line: 4
Info (12021): Found 2 design units, including 1 entities, in source file output_unit.vhd
    Info (12022): Found design unit 1: Output_Unit-Behavioral File: C:/Users/15447326/Documents/GitHub/processador/SD_Processador/Output_Unit.vhd Line: 13
    Info (12023): Found entity 1: Output_Unit File: C:/Users/15447326/Documents/GitHub/processador/SD_Processador/Output_Unit.vhd Line: 4
Warning (12019): Can't analyze file -- file Decodificador.vhd is missing
Info (12021): Found 2 design units, including 1 entities, in source file address_bus.vhd
    Info (12022): Found design unit 1: address_bus-Behavioral File: C:/Users/15447326/Documents/GitHub/processador/SD_Processador/address_bus.vhd Line: 14
    Info (12023): Found entity 1: address_bus File: C:/Users/15447326/Documents/GitHub/processador/SD_Processador/address_bus.vhd Line: 7
Info (12021): Found 2 design units, including 1 entities, in source file data_bus.vhd
    Info (12022): Found design unit 1: data_bus-Behavioral File: C:/Users/15447326/Documents/GitHub/processador/SD_Processador/data_bus.vhd Line: 15
    Info (12023): Found entity 1: data_bus File: C:/Users/15447326/Documents/GitHub/processador/SD_Processador/data_bus.vhd Line: 7
Info (12021): Found 2 design units, including 1 entities, in source file control_bus.vhd
    Info (12022): Found design unit 1: control_bus-Behavioral File: C:/Users/15447326/Documents/GitHub/processador/SD_Processador/control_bus.vhd Line: 17
    Info (12023): Found entity 1: control_bus File: C:/Users/15447326/Documents/GitHub/processador/SD_Processador/control_bus.vhd Line: 5
Warning (12019): Can't analyze file -- file register.vhd is missing
Info (12021): Found 2 design units, including 1 entities, in source file program_counter.vhd
    Info (12022): Found design unit 1: program_counter-Behavioral File: C:/Users/15447326/Documents/GitHub/processador/SD_Processador/program_counter.vhd Line: 18
    Info (12023): Found entity 1: program_counter File: C:/Users/15447326/Documents/GitHub/processador/SD_Processador/program_counter.vhd Line: 7
Warning (12019): Can't analyze file -- file register8.vhd is missing
Info (12021): Found 2 design units, including 1 entities, in source file memoria_unidade.vhd
    Info (12022): Found design unit 1: memoria_unidade-behavior File: C:/Users/15447326/Documents/GitHub/processador/SD_Processador/memoria_unidade.vhd Line: 15
    Info (12023): Found entity 1: memoria_unidade File: C:/Users/15447326/Documents/GitHub/processador/SD_Processador/memoria_unidade.vhd Line: 4
Info (12021): Found 2 design units, including 1 entities, in source file ram256x8.vhd
    Info (12022): Found design unit 1: ram256x8-SYN File: C:/Users/15447326/Documents/GitHub/processador/SD_Processador/ram256x8.vhd Line: 56
    Info (12023): Found entity 1: ram256x8 File: C:/Users/15447326/Documents/GitHub/processador/SD_Processador/ram256x8.vhd Line: 43
Info (12127): Elaborating entity "CPU" for the top level hierarchy
Warning (10541): VHDL Signal Declaration warning at CPU.vhd(16): used implicit default value for signal "data_in" because signal was never assigned a value or an explicit default value. Use of implicit default value may introduce unintended design optimizations. File: C:/Users/15447326/Documents/GitHub/processador/SD_Processador/CPU.vhd Line: 16
Warning (10036): Verilog HDL or VHDL warning at CPU.vhd(16): object "alu_result" assigned a value but never read File: C:/Users/15447326/Documents/GitHub/processador/SD_Processador/CPU.vhd Line: 16
Warning (10036): Verilog HDL or VHDL warning at CPU.vhd(19): object "mem_enable" assigned a value but never read File: C:/Users/15447326/Documents/GitHub/processador/SD_Processador/CPU.vhd Line: 19
Warning (10036): Verilog HDL or VHDL warning at CPU.vhd(19): object "read_enable" assigned a value but never read File: C:/Users/15447326/Documents/GitHub/processador/SD_Processador/CPU.vhd Line: 19
Warning (10036): Verilog HDL or VHDL warning at CPU.vhd(20): object "alu_enable" assigned a value but never read File: C:/Users/15447326/Documents/GitHub/processador/SD_Processador/CPU.vhd Line: 20
Warning (10036): Verilog HDL or VHDL warning at CPU.vhd(21): object "reg_a_enable" assigned a value but never read File: C:/Users/15447326/Documents/GitHub/processador/SD_Processador/CPU.vhd Line: 21
Warning (10036): Verilog HDL or VHDL warning at CPU.vhd(21): object "reg_b_enable" assigned a value but never read File: C:/Users/15447326/Documents/GitHub/processador/SD_Processador/CPU.vhd Line: 21
Info (12128): Elaborating entity "program_counter" for hierarchy "program_counter:PC" File: C:/Users/15447326/Documents/GitHub/processador/SD_Processador/CPU.vhd Line: 25
Info (12128): Elaborating entity "UnidadeControle" for hierarchy "UnidadeControle:Controle" File: C:/Users/15447326/Documents/GitHub/processador/SD_Processador/CPU.vhd Line: 35
Warning (10492): VHDL Process Statement warning at UnidadeControle.vhd(65): signal "reset" is read inside the Process Statement but isn't in the Process Statement's sensitivity list File: C:/Users/15447326/Documents/GitHub/processador/SD_Processador/UnidadeControle.vhd Line: 65
Info (12128): Elaborating entity "ULA" for hierarchy "ULA:ULA" File: C:/Users/15447326/Documents/GitHub/processador/SD_Processador/CPU.vhd Line: 55
Warning (10492): VHDL Process Statement warning at ULA.vhd(27): signal "signed_A" is read inside the Process Statement but isn't in the Process Statement's sensitivity list File: C:/Users/15447326/Documents/GitHub/processador/SD_Processador/ULA.vhd Line: 27
Warning (10492): VHDL Process Statement warning at ULA.vhd(27): signal "signed_B" is read inside the Process Statement but isn't in the Process Statement's sensitivity list File: C:/Users/15447326/Documents/GitHub/processador/SD_Processador/ULA.vhd Line: 27
Warning (10492): VHDL Process Statement warning at ULA.vhd(28): signal "signed_result" is read inside the Process Statement but isn't in the Process Statement's sensitivity list File: C:/Users/15447326/Documents/GitHub/processador/SD_Processador/ULA.vhd Line: 28
Warning (10492): VHDL Process Statement warning at ULA.vhd(31): signal "signed_A" is read inside the Process Statement but isn't in the Process Statement's sensitivity list File: C:/Users/15447326/Documents/GitHub/processador/SD_Processador/ULA.vhd Line: 31
Warning (10492): VHDL Process Statement warning at ULA.vhd(31): signal "signed_B" is read inside the Process Statement but isn't in the Process Statement's sensitivity list File: C:/Users/15447326/Documents/GitHub/processador/SD_Processador/ULA.vhd Line: 31
Warning (10492): VHDL Process Statement warning at ULA.vhd(31): signal "signed_result" is read inside the Process Statement but isn't in the Process Statement's sensitivity list File: C:/Users/15447326/Documents/GitHub/processador/SD_Processador/ULA.vhd Line: 31
Warning (10492): VHDL Process Statement warning at ULA.vhd(38): signal "signed_result" is read inside the Process Statement but isn't in the Process Statement's sensitivity list File: C:/Users/15447326/Documents/GitHub/processador/SD_Processador/ULA.vhd Line: 38
Warning (10492): VHDL Process Statement warning at ULA.vhd(45): signal "signed_A" is read inside the Process Statement but isn't in the Process Statement's sensitivity list File: C:/Users/15447326/Documents/GitHub/processador/SD_Processador/ULA.vhd Line: 45
Warning (10492): VHDL Process Statement warning at ULA.vhd(45): signal "signed_B" is read inside the Process Statement but isn't in the Process Statement's sensitivity list File: C:/Users/15447326/Documents/GitHub/processador/SD_Processador/ULA.vhd Line: 45
Warning (10492): VHDL Process Statement warning at ULA.vhd(46): signal "signed_result" is read inside the Process Statement but isn't in the Process Statement's sensitivity list File: C:/Users/15447326/Documents/GitHub/processador/SD_Processador/ULA.vhd Line: 46
Warning (10492): VHDL Process Statement warning at ULA.vhd(49): signal "signed_A" is read inside the Process Statement but isn't in the Process Statement's sensitivity list File: C:/Users/15447326/Documents/GitHub/processador/SD_Processador/ULA.vhd Line: 49
Warning (10492): VHDL Process Statement warning at ULA.vhd(49): signal "signed_B" is read inside the Process Statement but isn't in the Process Statement's sensitivity list File: C:/Users/15447326/Documents/GitHub/processador/SD_Processador/ULA.vhd Line: 49
Warning (10492): VHDL Process Statement warning at ULA.vhd(57): signal "signed_result" is read inside the Process Statement but isn't in the Process Statement's sensitivity list File: C:/Users/15447326/Documents/GitHub/processador/SD_Processador/ULA.vhd Line: 57
Warning (10492): VHDL Process Statement warning at ULA.vhd(86): signal "signed_result" is read inside the Process Statement but isn't in the Process Statement's sensitivity list File: C:/Users/15447326/Documents/GitHub/processador/SD_Processador/ULA.vhd Line: 86
Warning (10492): VHDL Process Statement warning at ULA.vhd(93): signal "signed_result" is read inside the Process Statement but isn't in the Process Statement's sensitivity list File: C:/Users/15447326/Documents/GitHub/processador/SD_Processador/ULA.vhd Line: 93
Warning (10631): VHDL Process Statement warning at ULA.vhd(20): inferring latch(es) for signal or variable "signed_result", which holds its previous value in one or more paths through the process File: C:/Users/15447326/Documents/GitHub/processador/SD_Processador/ULA.vhd Line: 20
Info (10041): Inferred latch for "signed_result[0]" at ULA.vhd(20) File: C:/Users/15447326/Documents/GitHub/processador/SD_Processador/ULA.vhd Line: 20
Info (10041): Inferred latch for "signed_result[1]" at ULA.vhd(20) File: C:/Users/15447326/Documents/GitHub/processador/SD_Processador/ULA.vhd Line: 20
Info (10041): Inferred latch for "signed_result[2]" at ULA.vhd(20) File: C:/Users/15447326/Documents/GitHub/processador/SD_Processador/ULA.vhd Line: 20
Info (10041): Inferred latch for "signed_result[3]" at ULA.vhd(20) File: C:/Users/15447326/Documents/GitHub/processador/SD_Processador/ULA.vhd Line: 20
Info (10041): Inferred latch for "signed_result[4]" at ULA.vhd(20) File: C:/Users/15447326/Documents/GitHub/processador/SD_Processador/ULA.vhd Line: 20
Info (10041): Inferred latch for "signed_result[5]" at ULA.vhd(20) File: C:/Users/15447326/Documents/GitHub/processador/SD_Processador/ULA.vhd Line: 20
Info (10041): Inferred latch for "signed_result[6]" at ULA.vhd(20) File: C:/Users/15447326/Documents/GitHub/processador/SD_Processador/ULA.vhd Line: 20
Info (10041): Inferred latch for "signed_result[7]" at ULA.vhd(20) File: C:/Users/15447326/Documents/GitHub/processador/SD_Processador/ULA.vhd Line: 20
Info (12128): Elaborating entity "memoria_unidade" for hierarchy "memoria_unidade:Memoria" File: C:/Users/15447326/Documents/GitHub/processador/SD_Processador/CPU.vhd Line: 67
Info (12128): Elaborating entity "ram256x8" for hierarchy "memoria_unidade:Memoria|ram256x8:ram_instance" File: C:/Users/15447326/Documents/GitHub/processador/SD_Processador/memoria_unidade.vhd Line: 35
Info (12128): Elaborating entity "altsyncram" for hierarchy "memoria_unidade:Memoria|ram256x8:ram_instance|altsyncram:altsyncram_component" File: C:/Users/15447326/Documents/GitHub/processador/SD_Processador/ram256x8.vhd Line: 63
Info (12130): Elaborated megafunction instantiation "memoria_unidade:Memoria|ram256x8:ram_instance|altsyncram:altsyncram_component" File: C:/Users/15447326/Documents/GitHub/processador/SD_Processador/ram256x8.vhd Line: 63
Info (12133): Instantiated megafunction "memoria_unidade:Memoria|ram256x8:ram_instance|altsyncram:altsyncram_component" with the following parameter: File: C:/Users/15447326/Documents/GitHub/processador/SD_Processador/ram256x8.vhd Line: 63
    Info (12134): Parameter "address_aclr_a" = "UNUSED"
    Info (12134): Parameter "address_aclr_b" = "NONE"
    Info (12134): Parameter "address_reg_b" = "CLOCK0"
    Info (12134): Parameter "byte_size" = "8"
    Info (12134): Parameter "byteena_aclr_a" = "UNUSED"
    Info (12134): Parameter "byteena_aclr_b" = "NONE"
    Info (12134): Parameter "byteena_reg_b" = "CLOCK1"
    Info (12134): Parameter "clock_enable_core_a" = "USE_INPUT_CLKEN"
    Info (12134): Parameter "clock_enable_core_b" = "USE_INPUT_CLKEN"
    Info (12134): Parameter "clock_enable_input_a" = "BYPASS"
    Info (12134): Parameter "clock_enable_input_b" = "BYPASS"
    Info (12134): Parameter "clock_enable_output_a" = "NORMAL"
    Info (12134): Parameter "clock_enable_output_b" = "BYPASS"
    Info (12134): Parameter "intended_device_family" = "Cyclone V"
    Info (12134): Parameter "ecc_pipeline_stage_enabled" = "FALSE"
    Info (12134): Parameter "enable_ecc" = "FALSE"
    Info (12134): Parameter "implement_in_les" = "OFF"
    Info (12134): Parameter "indata_aclr_a" = "UNUSED"
    Info (12134): Parameter "indata_aclr_b" = "NONE"
    Info (12134): Parameter "indata_reg_b" = "CLOCK1"
    Info (12134): Parameter "init_file" = "ram256x8.mif"
    Info (12134): Parameter "init_file_layout" = "PORT_A"
    Info (12134): Parameter "maximum_depth" = "0"
    Info (12134): Parameter "numwords_a" = "256"
    Info (12134): Parameter "numwords_b" = "256"
    Info (12134): Parameter "operation_mode" = "DUAL_PORT"
    Info (12134): Parameter "outdata_aclr_a" = "NONE"
    Info (12134): Parameter "outdata_aclr_b" = "NONE"
    Info (12134): Parameter "outdata_reg_a" = "UNREGISTERED"
    Info (12134): Parameter "outdata_reg_b" = "CLOCK0"
    Info (12134): Parameter "power_up_uninitialized" = "FALSE"
    Info (12134): Parameter "ram_block_type" = "AUTO"
    Info (12134): Parameter "rdcontrol_aclr_b" = "NONE"
    Info (12134): Parameter "rdcontrol_reg_b" = "CLOCK1"
    Info (12134): Parameter "read_during_write_mode_mixed_ports" = "DONT_CARE"
    Info (12134): Parameter "read_during_write_mode_port_a" = "NEW_DATA_NO_NBE_READ"
    Info (12134): Parameter "read_during_write_mode_port_b" = "NEW_DATA_NO_NBE_READ"
    Info (12134): Parameter "stratixiv_m144k_allow_dual_clocks" = "ON"
    Info (12134): Parameter "width_a" = "8"
    Info (12134): Parameter "width_b" = "8"
    Info (12134): Parameter "width_byteena_a" = "1"
    Info (12134): Parameter "width_byteena_b" = "1"
    Info (12134): Parameter "width_eccstatus" = "3"
    Info (12134): Parameter "widthad_a" = "8"
    Info (12134): Parameter "widthad_b" = "8"
    Info (12134): Parameter "wrcontrol_aclr_a" = "UNUSED"
    Info (12134): Parameter "wrcontrol_aclr_b" = "NONE"
    Info (12134): Parameter "wrcontrol_wraddress_reg_b" = "CLOCK1"
    Info (12134): Parameter "lpm_hint" = "UNUSED"
    Info (12134): Parameter "lpm_type" = "altsyncram"
Info (12021): Found 1 design units, including 1 entities, in source file db/altsyncram_e504.tdf
    Info (12023): Found entity 1: altsyncram_e504 File: C:/Users/15447326/Documents/GitHub/processador/SD_Processador/db/altsyncram_e504.tdf Line: 28
Info (12128): Elaborating entity "altsyncram_e504" for hierarchy "memoria_unidade:Memoria|ram256x8:ram_instance|altsyncram:altsyncram_component|altsyncram_e504:auto_generated" File: c:/intelfpga_lite/21.1/quartus/libraries/megafunctions/altsyncram.tdf Line: 792
Info (12128): Elaborating entity "Output_Unit" for hierarchy "Output_Unit:Saida" File: C:/Users/15447326/Documents/GitHub/processador/SD_Processador/CPU.vhd Line: 77
Info (12128): Elaborating entity "Input_Unit" for hierarchy "Input_Unit:Entrada" File: C:/Users/15447326/Documents/GitHub/processador/SD_Processador/CPU.vhd Line: 85
Warning (14284): Synthesized away the following node(s):
    Warning (14285): Synthesized away the following RAM node(s):
        Warning (14320): Synthesized away node "memoria_unidade:Memoria|ram256x8:ram_instance|altsyncram:altsyncram_component|altsyncram_e504:auto_generated|q_b[0]" File: C:/Users/15447326/Documents/GitHub/processador/SD_Processador/db/altsyncram_e504.tdf Line: 38
        Warning (14320): Synthesized away node "memoria_unidade:Memoria|ram256x8:ram_instance|altsyncram:altsyncram_component|altsyncram_e504:auto_generated|q_b[1]" File: C:/Users/15447326/Documents/GitHub/processador/SD_Processador/db/altsyncram_e504.tdf Line: 73
        Warning (14320): Synthesized away node "memoria_unidade:Memoria|ram256x8:ram_instance|altsyncram:altsyncram_component|altsyncram_e504:auto_generated|q_b[2]" File: C:/Users/15447326/Documents/GitHub/processador/SD_Processador/db/altsyncram_e504.tdf Line: 108
        Warning (14320): Synthesized away node "memoria_unidade:Memoria|ram256x8:ram_instance|altsyncram:altsyncram_component|altsyncram_e504:auto_generated|q_b[3]" File: C:/Users/15447326/Documents/GitHub/processador/SD_Processador/db/altsyncram_e504.tdf Line: 143
Warning (13046): Tri-state node(s) do not directly drive top-level pin(s)
    Warning (13049): Converted tri-state buffer "Input_Unit:Entrada|data_out[0]" feeding internal logic into a wire File: C:/Users/15447326/Documents/GitHub/processador/SD_Processador/Input_Unit.vhd Line: 7
    Warning (13049): Converted tri-state buffer "Input_Unit:Entrada|data_out[1]" feeding internal logic into a wire File: C:/Users/15447326/Documents/GitHub/processador/SD_Processador/Input_Unit.vhd Line: 7
    Warning (13049): Converted tri-state buffer "Input_Unit:Entrada|data_out[2]" feeding internal logic into a wire File: C:/Users/15447326/Documents/GitHub/processador/SD_Processador/Input_Unit.vhd Line: 7
    Warning (13049): Converted tri-state buffer "Input_Unit:Entrada|data_out[3]" feeding internal logic into a wire File: C:/Users/15447326/Documents/GitHub/processador/SD_Processador/Input_Unit.vhd Line: 7
    Warning (13049): Converted tri-state buffer "Input_Unit:Entrada|data_out[4]" feeding internal logic into a wire File: C:/Users/15447326/Documents/GitHub/processador/SD_Processador/Input_Unit.vhd Line: 7
    Warning (13049): Converted tri-state buffer "Input_Unit:Entrada|data_out[5]" feeding internal logic into a wire File: C:/Users/15447326/Documents/GitHub/processador/SD_Processador/Input_Unit.vhd Line: 7
    Warning (13049): Converted tri-state buffer "Input_Unit:Entrada|data_out[6]" feeding internal logic into a wire File: C:/Users/15447326/Documents/GitHub/processador/SD_Processador/Input_Unit.vhd Line: 7
    Warning (13049): Converted tri-state buffer "Input_Unit:Entrada|data_out[7]" feeding internal logic into a wire File: C:/Users/15447326/Documents/GitHub/processador/SD_Processador/Input_Unit.vhd Line: 7
Warning (14284): Synthesized away the following node(s):
    Warning (14285): Synthesized away the following RAM node(s):
        Warning (14320): Synthesized away node "memoria_unidade:Memoria|ram256x8:ram_instance|altsyncram:altsyncram_component|altsyncram_e504:auto_generated|q_b[7]" File: C:/Users/15447326/Documents/GitHub/processador/SD_Processador/db/altsyncram_e504.tdf Line: 283
        Warning (14320): Synthesized away node "memoria_unidade:Memoria|ram256x8:ram_instance|altsyncram:altsyncram_component|altsyncram_e504:auto_generated|q_b[6]" File: C:/Users/15447326/Documents/GitHub/processador/SD_Processador/db/altsyncram_e504.tdf Line: 248
        Warning (14320): Synthesized away node "memoria_unidade:Memoria|ram256x8:ram_instance|altsyncram:altsyncram_component|altsyncram_e504:auto_generated|q_b[5]" File: C:/Users/15447326/Documents/GitHub/processador/SD_Processador/db/altsyncram_e504.tdf Line: 213
        Warning (14320): Synthesized away node "memoria_unidade:Memoria|ram256x8:ram_instance|altsyncram:altsyncram_component|altsyncram_e504:auto_generated|q_b[4]" File: C:/Users/15447326/Documents/GitHub/processador/SD_Processador/db/altsyncram_e504.tdf Line: 178
Warning (13024): Output pins are stuck at VCC or GND
    Warning (13410): Pin "leds[0]" is stuck at GND File: C:/Users/15447326/Documents/GitHub/processador/SD_Processador/CPU.vhd Line: 10
    Warning (13410): Pin "leds[1]" is stuck at GND File: C:/Users/15447326/Documents/GitHub/processador/SD_Processador/CPU.vhd Line: 10
    Warning (13410): Pin "leds[2]" is stuck at GND File: C:/Users/15447326/Documents/GitHub/processador/SD_Processador/CPU.vhd Line: 10
    Warning (13410): Pin "leds[3]" is stuck at GND File: C:/Users/15447326/Documents/GitHub/processador/SD_Processador/CPU.vhd Line: 10
    Warning (13410): Pin "leds[4]" is stuck at GND File: C:/Users/15447326/Documents/GitHub/processador/SD_Processador/CPU.vhd Line: 10
    Warning (13410): Pin "leds[5]" is stuck at GND File: C:/Users/15447326/Documents/GitHub/processador/SD_Processador/CPU.vhd Line: 10
    Warning (13410): Pin "leds[6]" is stuck at GND File: C:/Users/15447326/Documents/GitHub/processador/SD_Processador/CPU.vhd Line: 10
    Warning (13410): Pin "leds[7]" is stuck at GND File: C:/Users/15447326/Documents/GitHub/processador/SD_Processador/CPU.vhd Line: 10
Info (17049): 14 registers lost all their fanouts during netlist optimizations.
Info (16010): Generating hard_block partition "hard_block:auto_generated_inst"
    Info (16011): Adding 0 node(s), including 0 DDIO, 0 PLL, 0 transceiver and 0 LCELL
Warning (21074): Design contains 10 input pin(s) that do not drive logic
    Warning (15610): No output dependent on input pin "reset" File: C:/Users/15447326/Documents/GitHub/processador/SD_Processador/CPU.vhd Line: 8
    Warning (15610): No output dependent on input pin "clock" File: C:/Users/15447326/Documents/GitHub/processador/SD_Processador/CPU.vhd Line: 7
    Warning (15610): No output dependent on input pin "switches[0]" File: C:/Users/15447326/Documents/GitHub/processador/SD_Processador/CPU.vhd Line: 9
    Warning (15610): No output dependent on input pin "switches[1]" File: C:/Users/15447326/Documents/GitHub/processador/SD_Processador/CPU.vhd Line: 9
    Warning (15610): No output dependent on input pin "switches[2]" File: C:/Users/15447326/Documents/GitHub/processador/SD_Processador/CPU.vhd Line: 9
    Warning (15610): No output dependent on input pin "switches[3]" File: C:/Users/15447326/Documents/GitHub/processador/SD_Processador/CPU.vhd Line: 9
    Warning (15610): No output dependent on input pin "switches[4]" File: C:/Users/15447326/Documents/GitHub/processador/SD_Processador/CPU.vhd Line: 9
    Warning (15610): No output dependent on input pin "switches[5]" File: C:/Users/15447326/Documents/GitHub/processador/SD_Processador/CPU.vhd Line: 9
    Warning (15610): No output dependent on input pin "switches[6]" File: C:/Users/15447326/Documents/GitHub/processador/SD_Processador/CPU.vhd Line: 9
    Warning (15610): No output dependent on input pin "switches[7]" File: C:/Users/15447326/Documents/GitHub/processador/SD_Processador/CPU.vhd Line: 9
Info (21057): Implemented 18 device resources after synthesis - the final resource count might be different
    Info (21058): Implemented 10 input pins
    Info (21059): Implemented 8 output pins
Info: Quartus Prime Analysis & Synthesis was successful. 0 errors, 71 warnings
    Info: Peak virtual memory: 4867 megabytes
    Info: Processing ended: Thu Nov  7 14:22:24 2024
    Info: Elapsed time: 00:00:10
    Info: Total CPU time (on all processors): 00:00:20


